<?xml version="1.0" encoding="UTF-8"?>
<testsuite xmlns:xsi="http://www.w3.org/2001/XMLSchema-instance" xsi:noNamespaceSchemaLocation="https://maven.apache.org/surefire/maven-surefire-plugin/xsd/surefire-test-report.xsd" name="edu.upf.TwitterFilterTest" time="0.08" tests="4" errors="0" skipped="0" failures="0">
  <properties>
    <property name="java.specification.version" value="19"/>
    <property name="sun.cpu.isalist" value="amd64"/>
    <property name="sun.jnu.encoding" value="Cp1252"/>
    <property name="java.class.path" value="C:\Users\2002d\OneDrive\Documentos\UPF\2022-2023\2nd Term\Large Scale Distributed Systems\Labs\Lab1\LSDS2021\lab1\target\test-classes;C:\Users\2002d\OneDrive\Documentos\UPF\2022-2023\2nd Term\Large Scale Distributed Systems\Labs\Lab1\LSDS2021\lab1\target\classes;C:\Users\2002d\.m2\repository\junit\junit\4.11\junit-4.11.jar;C:\Users\2002d\.m2\repository\org\hamcrest\hamcrest-core\1.3\hamcrest-core-1.3.jar;C:\Users\2002d\.m2\repository\javax\xml\bind\jaxb-api\2.3.1\jaxb-api-2.3.1.jar;C:\Users\2002d\.m2\repository\javax\activation\javax.activation-api\1.2.0\javax.activation-api-1.2.0.jar;C:\Users\2002d\.m2\repository\com\google\code\gson\gson\2.10.1\gson-2.10.1.jar;C:\Users\2002d\.m2\repository\com\amazonaws\aws-java-sdk-s3\1.11.1000\aws-java-sdk-s3-1.11.1000.jar;C:\Users\2002d\.m2\repository\com\amazonaws\aws-java-sdk-kms\1.11.1000\aws-java-sdk-kms-1.11.1000.jar;C:\Users\2002d\.m2\repository\com\amazonaws\aws-java-sdk-core\1.11.1000\aws-java-sdk-core-1.11.1000.jar;C:\Users\2002d\.m2\repository\commons-logging\commons-logging\1.1.3\commons-logging-1.1.3.jar;C:\Users\2002d\.m2\repository\commons-codec\commons-codec\1.15\commons-codec-1.15.jar;C:\Users\2002d\.m2\repository\org\apache\httpcomponents\httpclient\4.5.13\httpclient-4.5.13.jar;C:\Users\2002d\.m2\repository\org\apache\httpcomponents\httpcore\4.4.13\httpcore-4.4.13.jar;C:\Users\2002d\.m2\repository\software\amazon\ion\ion-java\1.0.2\ion-java-1.0.2.jar;C:\Users\2002d\.m2\repository\com\fasterxml\jackson\core\jackson-databind\2.6.7.4\jackson-databind-2.6.7.4.jar;C:\Users\2002d\.m2\repository\com\fasterxml\jackson\core\jackson-annotations\2.6.0\jackson-annotations-2.6.0.jar;C:\Users\2002d\.m2\repository\com\fasterxml\jackson\core\jackson-core\2.6.7\jackson-core-2.6.7.jar;C:\Users\2002d\.m2\repository\com\fasterxml\jackson\dataformat\jackson-dataformat-cbor\2.6.7\jackson-dataformat-cbor-2.6.7.jar;C:\Users\2002d\.m2\repository\joda-time\joda-time\2.8.1\joda-time-2.8.1.jar;C:\Users\2002d\.m2\repository\com\amazonaws\jmespath-java\1.11.1000\jmespath-java-1.11.1000.jar;"/>
    <property name="java.vm.vendor" value="Oracle Corporation"/>
    <property name="sun.arch.data.model" value="64"/>
    <property name="user.variant" value=""/>
    <property name="java.vendor.url" value="https://java.oracle.com/"/>
    <property name="user.timezone" value="Europe/Madrid"/>
    <property name="os.name" value="Windows 11"/>
    <property name="java.vm.specification.version" value="19"/>
    <property name="sun.java.launcher" value="SUN_STANDARD"/>
    <property name="user.country" value="ES"/>
    <property name="sun.boot.library.path" value="C:\Program Files\Java\jdk-19\bin"/>
    <property name="sun.java.command" value="C:\Users\2002d\AppData\Local\Temp\surefire7892688372524017450\surefirebooter8032775856111305124.jar C:\Users\2002d\AppData\Local\Temp\surefire7892688372524017450 2023-02-24T20-32-32_991-jvmRun1 surefire18098113791109801974tmp surefire_05316807520265656762tmp"/>
    <property name="jdk.debug" value="release"/>
    <property name="surefire.test.class.path" value="C:\Users\2002d\OneDrive\Documentos\UPF\2022-2023\2nd Term\Large Scale Distributed Systems\Labs\Lab1\LSDS2021\lab1\target\test-classes;C:\Users\2002d\OneDrive\Documentos\UPF\2022-2023\2nd Term\Large Scale Distributed Systems\Labs\Lab1\LSDS2021\lab1\target\classes;C:\Users\2002d\.m2\repository\junit\junit\4.11\junit-4.11.jar;C:\Users\2002d\.m2\repository\org\hamcrest\hamcrest-core\1.3\hamcrest-core-1.3.jar;C:\Users\2002d\.m2\repository\javax\xml\bind\jaxb-api\2.3.1\jaxb-api-2.3.1.jar;C:\Users\2002d\.m2\repository\javax\activation\javax.activation-api\1.2.0\javax.activation-api-1.2.0.jar;C:\Users\2002d\.m2\repository\com\google\code\gson\gson\2.10.1\gson-2.10.1.jar;C:\Users\2002d\.m2\repository\com\amazonaws\aws-java-sdk-s3\1.11.1000\aws-java-sdk-s3-1.11.1000.jar;C:\Users\2002d\.m2\repository\com\amazonaws\aws-java-sdk-kms\1.11.1000\aws-java-sdk-kms-1.11.1000.jar;C:\Users\2002d\.m2\repository\com\amazonaws\aws-java-sdk-core\1.11.1000\aws-java-sdk-core-1.11.1000.jar;C:\Users\2002d\.m2\repository\commons-logging\commons-logging\1.1.3\commons-logging-1.1.3.jar;C:\Users\2002d\.m2\repository\commons-codec\commons-codec\1.15\commons-codec-1.15.jar;C:\Users\2002d\.m2\repository\org\apache\httpcomponents\httpclient\4.5.13\httpclient-4.5.13.jar;C:\Users\2002d\.m2\repository\org\apache\httpcomponents\httpcore\4.4.13\httpcore-4.4.13.jar;C:\Users\2002d\.m2\repository\software\amazon\ion\ion-java\1.0.2\ion-java-1.0.2.jar;C:\Users\2002d\.m2\repository\com\fasterxml\jackson\core\jackson-databind\2.6.7.4\jackson-databind-2.6.7.4.jar;C:\Users\2002d\.m2\repository\com\fasterxml\jackson\core\jackson-annotations\2.6.0\jackson-annotations-2.6.0.jar;C:\Users\2002d\.m2\repository\com\fasterxml\jackson\core\jackson-core\2.6.7\jackson-core-2.6.7.jar;C:\Users\2002d\.m2\repository\com\fasterxml\jackson\dataformat\jackson-dataformat-cbor\2.6.7\jackson-dataformat-cbor-2.6.7.jar;C:\Users\2002d\.m2\repository\joda-time\joda-time\2.8.1\joda-time-2.8.1.jar;C:\Users\2002d\.m2\repository\com\amazonaws\jmespath-java\1.11.1000\jmespath-java-1.11.1000.jar;"/>
    <property name="sun.cpu.endian" value="little"/>
    <property name="user.home" value="C:\Users\2002d"/>
    <property name="user.language" value="es"/>
    <property name="java.specification.vendor" value="Oracle Corporation"/>
    <property name="java.version.date" value="2023-01-17"/>
    <property name="java.home" value="C:\Program Files\Java\jdk-19"/>
    <property name="file.separator" value="\"/>
    <property name="basedir" value="C:\Users\2002d\OneDrive\Documentos\UPF\2022-2023\2nd Term\Large Scale Distributed Systems\Labs\Lab1\LSDS2021\lab1"/>
    <property name="java.vm.compressedOopsMode" value="Zero based"/>
    <property name="line.separator" value="&#10;"/>
    <property name="java.vm.specification.vendor" value="Oracle Corporation"/>
    <property name="java.specification.name" value="Java Platform API Specification"/>
    <property name="surefire.real.class.path" value="C:\Users\2002d\AppData\Local\Temp\surefire7892688372524017450\surefirebooter8032775856111305124.jar"/>
    <property name="user.script" value=""/>
    <property name="sun.management.compiler" value="HotSpot 64-Bit Tiered Compilers"/>
    <property name="java.runtime.version" value="19.0.2+7-44"/>
    <property name="user.name" value="2002d"/>
    <property name="stdout.encoding" value="Cp1252"/>
    <property name="path.separator" value=";"/>
    <property name="os.version" value="10.0"/>
    <property name="java.runtime.name" value="Java(TM) SE Runtime Environment"/>
    <property name="file.encoding" value="UTF-8"/>
    <property name="java.vm.name" value="Java HotSpot(TM) 64-Bit Server VM"/>
    <property name="localRepository" value="C:\Users\2002d\.m2\repository"/>
    <property name="java.vendor.url.bug" value="https://bugreport.java.com/bugreport/"/>
    <property name="java.io.tmpdir" value="C:\Users\2002d\AppData\Local\Temp\"/>
    <property name="java.version" value="19.0.2"/>
    <property name="user.dir" value="C:\Users\2002d\OneDrive\Documentos\UPF\2022-2023\2nd Term\Large Scale Distributed Systems\Labs\Lab1\LSDS2021\lab1"/>
    <property name="os.arch" value="amd64"/>
    <property name="java.vm.specification.name" value="Java Virtual Machine Specification"/>
    <property name="sun.os.patch.level" value=""/>
    <property name="native.encoding" value="Cp1252"/>
    <property name="java.library.path" value="C:\Program Files\Java\jdk-19\bin;C:\WINDOWS\Sun\Java\bin;C:\WINDOWS\system32;C:\WINDOWS;C:\Program Files\Common Files\Oracle\Java\javapath;C:\Program Files\apache-maven-3.8.7\bin;;C:\WINDOWS\system32;C:\WINDOWS;C:\WINDOWS\System32\Wbem;C:\WINDOWS\System32\WindowsPowerShell\v1.0\;C:\WINDOWS\System32\OpenSSH\;C:\Program Files\Amazon\AWSCLIV2\;C:\Users\2002d\AppData\Local\Programs\Python\Python310\Scripts\;C:\Users\2002d\AppData\Local\Programs\Python\Python310\;C:\Users\2002d\AppData\Local\Microsoft\WindowsApps;C:\Users\2002d\AppData\Local\Programs\Microsoft VS Code\bin;C:\Users\2002d\AppData\Local\GitHubDesktop\bin;C:\Users\2002d\AppData\Roaming\npm;C:\Spark\spark-3.3.1-bin-hadoop2\bin;C:\Hadoop\bin;;."/>
    <property name="java.vm.info" value="mixed mode, sharing"/>
    <property name="stderr.encoding" value="Cp1252"/>
    <property name="java.vendor" value="Oracle Corporation"/>
    <property name="java.vm.version" value="19.0.2+7-44"/>
    <property name="sun.io.unicode.encoding" value="UnicodeLittle"/>
    <property name="java.class.version" value="63.0"/>
  </properties>
  <testcase name="parses1FieldMissing" classname="edu.upf.TwitterFilterTest" time="0.048"/>
  <testcase name="shouldAnswerWithTrue" classname="edu.upf.TwitterFilterTest" time="0"/>
  <testcase name="parsesInvalidJSON" classname="edu.upf.TwitterFilterTest" time="0"/>
  <testcase name="parsesRealTweet" classname="edu.upf.TwitterFilterTest" time="0"/>
</testsuite>